[1] "1"                "0.35413580894651" "0.5012"           "con: "           
[5] "0"                "sin: "            "0"                "5"               
[1] "Individuo Nuevo"   "0.398343526565722" "5"                
[4] "0.5012"           
[1] "Individuo Actual"  "0.398343526565722" "6"                
[4] "0.48"             
[1] "Individuo Nuevo"  "0.40101134573297" "10"               "0.48"            
[1] "Individuo Actual" "0.40101134573297" "11"               "0.46"            
[1] "Individuo Nuevo"   "0.411571756339034" "15"               
[4] "0.46"             
[1] "Individuo Actual"  "0.411571756339034" "16"               
[4] "0.44"             
[1] "Individuo Nuevo"   "0.411571756339034" "20"               
[4] "0.44"             
[1] "Individuo Actual"  "0.411571756339034" "21"               
[4] "0.58"             
[1] "Individuo Nuevo"   "0.413577617681822" "25"               
[4] "0.58"             
[1] "Individuo Actual"  "0.413577617681822" "26"               
[4] "0.4"              
[1] "Individuo Nuevo"   "0.414595074810766" "30"               
[4] "0.4"              
[1] "Individuo Actual"  "0.414595074810766" "31"               
[4] "0.38"             
[1] "Individuo Nuevo"   "0.414595074810766" "35"               
[4] "0.38"             
[1] "Individuo Actual"  "0.414595074810766" "36"               
[4] "0.64"             
[1] "Individuo Nuevo"   "0.414595074810766" "40"               
[4] "0.64"             
[1] "Individuo Actual"  "0.414595074810766" "41"               
[4] "0.66"             
[1] "Individuo Nuevo"   "0.414595074810766" "45"               
[4] "0.66"             
[1] "Individuo Actual"  "0.414595074810766" "46"               
[4] "0.68"             
[1] "Individuo Nuevo"   "0.415434059158047" "50"               
[4] "0.68"             
[1] "Individuo Actual"  "0.415434059158047" "51"               
[4] "0.3"              
[1] "Individuo Nuevo"   "0.415434059158047" "55"               
[4] "0.3"              
[1] "Individuo Actual"  "0.415434059158047" "56"               
[4] "0.72"             
[1] "Individuo Nuevo"   "0.415434059158047" "60"               
[4] "0.72"             
[1] "Individuo Actual"  "0.415434059158047" "61"               
[4] "0.74"             
[1] "Individuo Nuevo"   "0.415434059158047" "65"               
[4] "0.74"             
[1] "Individuo Actual"  "0.415434059158047" "66"               
[4] "0.76"             
[1] "Individuo Nuevo"   "0.415434059158047" "70"               
[4] "0.76"             
[1] "Individuo Actual"  "0.415434059158047" "71"               
[4] "0.78"             
[1] "Individuo Nuevo"   "0.417453057761015" "75"               
[4] "0.78"             
[1] "Individuo Actual"  "0.417453057761015" "76"               
[4] "0.2"              
[1] "Individuo Nuevo"   "0.417453057761015" "80"               
[4] "0.2"              
[1] "Individuo Actual"  "0.417453057761015" "81"               
[4] "0.82"             
[1] "Individuo Nuevo"   "0.417453057761015" "85"               
[4] "0.82"             
[1] "Individuo Actual"  "0.417453057761015" "86"               
[4] "0.84"             
[1] "Individuo Nuevo"   "0.417453057761015" "90"               
[4] "0.84"             
[1] "Individuo Actual"  "0.417453057761015" "91"               
[4] "0.86"             
[1] "Individuo Nuevo"   "0.417453057761015" "95"               
[4] "0.86"             
[1] "Individuo Actual"  "0.417453057761015" "96"               
[4] "0.88"             
[1] "Individuo Nuevo"   "0.417453057761015" "100"              
[4] "0.88"             
[1] "46617.074" "0.6"       "46674.389" "0"         "0"        
[1] "0.417453057761015" "14"               
   [1] 1 2 3 4 3 1 4 1 3 2 3 3 3 3 3 4 1 4 2 2 2 3 1 4 1 4 2 3 4 2 2 3 3 3 4 4 3
  [38] 4 1 4 1 3 1 3 2 1 4 4 4 1 1 4 3 4 2 1 1 1 1 3 2 1 3 2 2 4 4 2 4 3 1 4 1 4
  [75] 2 2 4 1 1 4 4 1 1 2 4 1 4 4 3 1 4 2 2 4 4 1 2 3 1 3 1 3 2 4 3 2 1 1 1 1 1
 [112] 3 3 4 4 4 4 1 3 3 3 4 3 3 3 4 4 4 1 3 3 2 2 1 3 4 4 4 3 3 3 4 4 1 2 2 3 4
 [149] 4 2 3 3 4 4 1 1 4 1 2 4 1 4 4 4 3 2 2 1 3 4 2 4 4 4 2 4 3 4 3 3 2 1 3 1 2
 [186] 1 3 4 2 2 3 3 2 3 1 1 3 4 3 1 3 3 2 4 3 4 4 4 1 4 3 3 3 1 1 3 2 3 1 4 1 4
 [223] 1 2 4 3 1 2 4 3 2 3 2 3 3 2 3 3 2 2 3 2 3 3 3 1 3 4 4 2 3 3 2 3 2 4 2 1 3
 [260] 4 3 2 2 4 2 4 4 4 4 1 4 3 2 4 1 4 4 2 4 1 1 4 3 2 4 3 3 1 3 4 2 2 4 4 2 2
 [297] 3 1 1 2 2 2 4 4 2 1 2 1 3 1 2 3 1 1 1 3 1 4 3 3 4 1 3 3 3 2 1 2 4 4 4 2 2
 [334] 3 4 4 4 2 3 4 2 3 2 4 3 1 1 2 4 4 4 4 4 3 3 2 1 3 4 1 3 1 4 4 4 1 4 3 3 1
 [371] 4 3 3 3 2 2 1 1 4 4 1 1 1 2 3 2 1 1 1 2 3 1 1 1 3 2 1 1 1 1 2 1 2 1 1 1 1
 [408] 1 3 4 3 2 2 4 4 4 1 4 3 4 4 3 2 3 1 3 2 3 1 1 3 3 1 1 1 2 3 3 4 1 2 2 3 3
 [445] 3 3 3 3 3 3 4 1 1 4 3 3 1 3 1 2 3 2 1 1 4 3 2 1 1 2 1 4 4 3 3 1 4 2 4 1 2
 [482] 1 3 3 1 1 1 3 1 4 4 1 4 4 3 3 3 4 3 2 3 2 3 1 1 4 2 3 2 4 4 4 4 2 3 4 2 3
 [519] 1 2 4 4 1 1 4 2 1 1 1 2 4 4 4 4 3 3 2 1 3 4 1 3 3 2 4 3 1 3 3 4 1 4 4 4 1
 [556] 2 4 1 2 4 3 3 4 2 1 2 2 3 2 1 2 3 2 4 2 3 2 3 4 4 2 3 4 1 2 1 4 1 1 1 3 4
 [593] 1 3 1 3 3 1 4 1 2 2 4 4 1 2 1 1 2 4 4 1 1 1 2 1 3 1 3 2 2 4 2 4 1 3 3 4 2
 [630] 4 1 1 4 3 4 1 4 3 1 4 4 1 1 3 3 1 4 1 1 1 3 1 2 3 3 4 1 1 1 3 3 1 2 3 2 3
 [667] 2 2 4 4 4 1 1 2 2 1 1 3 1 1 1 3 3 4 4 2 1 2 1 2 1 2 4 4 2 1 3 3 2 4 3 4 3
 [704] 4 2 4 1 1 1 1 4 4 1 4 4 4 3 1 4 4 1 4 1 1 4 4 3 3 4 1 1 3 2 4 3 4 3 1 1 3
 [741] 4 2 2 1 4 1 4 4 4 1 1 2 4 2 2 4 3 3 2 4 4 3 2 2 4 2 1 1 2 4 1 3 1 3 2 2 3
 [778] 1 3 1 4 1 3 2 3 3 3 3 4 4 1 4 3 4 2 1 3 1 1 4 1 4 3 1 1 3 1 3 3 1 2 3 1 3
 [815] 4 3 4 2 4 1 4 3 4 4 1 1 4 3 4 2 3 4 1 1 1 3 2 1 3 3 3 3 1 2 3 4 4 1 4 4 3
 [852] 4 1 1 1 3 1 4 1 4 3 1 1 4 3 2 3 4 3 1 3 4 4 2 2 4 1 2 3 1 1 2 1 4 4 1 3 1
 [889] 4 2 1 2 3 4 1 2 1 4 4 1 2 3 1 1 1 3 1 2 2 4 3 4 1 4 2 3 4 4 1 4 4 4 1 3 4
 [926] 4 2 3 1 1 3 4 4 4 2 3 1 2 3 2 1 4 2 4 3 4 2 4 1 4 1 1 4 1 1 1 3 1 2 1 1 4
 [963] 4 3 3 4 3 4 4 2 4 4 4 4 3 2 2 3 2 2 4 2 4 1 2 2 1 4 3 1 1 3 1 1 2 4 1 4 4
[1000] 2 4 4 3 4 1 1 1 4 3 2 3 3 4 2 4 1 1 3 4 2 4 1 4 2 2 2 3 3 1 4 1 3 1 3 1 4
[1037] 2 4 1 3 4 3 1 3 4 4 1 3 4 1 4 3 4 3 2 1 1 1 3 1 3 3 3 4 1 2 3 3 2 2 2 1 3
[1074] 4 2 2 4 1 3 1 1 1 3 3 3 1 4 2 2 2 3 4 1 3 1 4 4 4 3 3 1 3 2 1 2 1 1 4 4 1
[1111] 4 2 2 2 4 4 4 3 3 1 1 3 2 3 2 2 2 2 3 3 3 2 4 4 1 3 2 4 1 4 3 2 2 1 3 3 2
[1148] 4 4 3 1 3 1 3 3 1 3 4 1 4 3 3 1 1 4 2 3 1 4 1 2 2 3 3 1 1 1 2 4 4 1 1 1 4
[1185] 1 2 2 2 1 1 1 1 1 1 3 1 1 1 4 3
[1] "1"                 "0.359664170109226" "0.5012"           
[4] "con: "             "0"                 "sin: "            
[7] "0"                 "5"                
[1] "Individuo Nuevo"   "0.403433910150899" "5"                
[4] "0.5012"           
[1] "Individuo Actual"  "0.403433910150899" "6"                
[4] "0.48"             
[1] "Individuo Nuevo"   "0.403433910150899" "10"               
[4] "0.48"             
[1] "Individuo Actual"  "0.403433910150899" "11"               
[4] "0.54"             
[1] "Individuo Nuevo"   "0.407187011569381" "15"               
[4] "0.54"             
[1] "Individuo Actual"  "0.407187011569381" "16"               
[4] "0.44"             
[1] "Individuo Nuevo"   "0.407187011569381" "20"               
[4] "0.44"             
[1] "Individuo Actual"  "0.407187011569381" "21"               
[4] "0.58"             
[1] "Individuo Nuevo"   "0.416594612144245" "25"               
[4] "0.58"             
[1] "Individuo Actual"  "0.416594612144245" "26"               
[4] "0.4"              
[1] "Individuo Nuevo"   "0.416594612144245" "30"               
[4] "0.4"              
[1] "Individuo Actual"  "0.416594612144245" "31"               
[4] "0.62"             
[1] "Individuo Nuevo"   "0.416594612144245" "35"               
[4] "0.62"             
[1] "Individuo Actual"  "0.416594612144245" "36"               
[4] "0.64"             
[1] "Individuo Nuevo"   "0.416594612144245" "40"               
[4] "0.64"             
[1] "Individuo Actual"  "0.416594612144245" "41"               
[4] "0.66"             
[1] "Individuo Nuevo"   "0.416594612144245" "45"               
[4] "0.66"             
[1] "Individuo Actual"  "0.416594612144245" "46"               
[4] "0.68"             
[1] "Individuo Nuevo"   "0.416594612144245" "50"               
[4] "0.68"             
[1] "Individuo Actual"  "0.416594612144245" "51"               
[4] "0.7"              
[1] "Individuo Nuevo"   "0.416594612144245" "55"               
[4] "0.7"              
[1] "Individuo Actual"  "0.416594612144245" "56"               
[4] "0.72"             
[1] "Individuo Nuevo"   "0.416594612144245" "60"               
[4] "0.72"             
[1] "Individuo Actual"  "0.416594612144245" "61"               
[4] "0.74"             
[1] "Individuo Nuevo"   "0.416594612144245" "65"               
[4] "0.74"             
[1] "Individuo Actual"  "0.416594612144245" "66"               
[4] "0.76"             
[1] "Individuo Nuevo"   "0.416594612144245" "70"               
[4] "0.76"             
[1] "Individuo Actual"  "0.416594612144245" "71"               
[4] "0.78"             
[1] "Individuo Nuevo"   "0.416594612144245" "75"               
[4] "0.78"             
[1] "Individuo Actual"  "0.416594612144245" "76"               
[4] "0.8"              
[1] "Individuo Nuevo"   "0.416594612144245" "80"               
[4] "0.8"              
[1] "Individuo Actual"  "0.416594612144245" "81"               
[4] "0.82"             
[1] "Individuo Nuevo"   "0.416594612144245" "85"               
[4] "0.82"             
[1] "Individuo Actual"  "0.416594612144245" "86"               
[4] "0.84"             
[1] "Individuo Nuevo"   "0.416594612144245" "90"               
[4] "0.84"             
[1] "Individuo Actual"  "0.416594612144245" "91"               
[4] "0.86"             
[1] "Individuo Nuevo"   "0.416594612144245" "95"               
[4] "0.86"             
[1] "Individuo Actual"  "0.416594612144245" "96"               
[4] "0.88"             
[1] "Individuo Nuevo"   "0.416594612144245" "100"              
[4] "0.88"             
[1] "43445.013" "0.072"     "43496.173" "0"         "0"        
[1] "0.416594612144245" "35"               
   [1] 1 3 4 2 4 1 2 1 4 3 4 4 4 4 4 2 1 2 3 3 3 4 1 3 1 2 3 4 2 2 3 4 4 4 4 2 4
  [38] 2 1 2 1 4 1 4 2 1 2 2 2 1 1 2 4 2 3 1 1 1 1 4 4 1 4 3 2 2 2 4 2 4 1 2 1 2
  [75] 3 4 2 1 1 2 2 1 1 3 4 1 2 2 4 1 2 3 3 2 2 1 2 4 1 1 1 4 4 2 4 3 1 1 1 1 1
 [112] 4 4 2 2 2 2 2 4 4 4 3 4 4 4 2 2 2 1 1 4 3 2 1 4 2 2 2 4 4 4 2 2 1 3 3 4 2
 [149] 2 3 4 4 2 2 1 1 2 1 3 2 1 2 2 2 4 4 3 1 4 2 3 2 2 2 3 2 4 2 4 4 3 1 4 1 4
 [186] 1 4 2 2 4 4 4 3 4 1 1 4 2 4 1 3 4 3 2 4 2 2 2 1 2 4 4 4 1 1 4 3 4 1 2 1 4
 [223] 1 2 2 4 1 3 2 4 3 4 3 4 4 3 4 4 3 4 4 3 4 4 4 1 4 2 4 2 4 4 3 4 3 2 3 1 4
 [260] 2 4 2 2 2 3 2 2 2 2 1 2 4 3 2 1 2 2 3 2 1 1 2 4 3 3 4 4 4 4 2 3 3 2 2 4 4
 [297] 4 1 1 3 3 2 2 2 3 1 3 1 4 1 3 4 1 1 2 4 1 2 4 4 2 1 4 4 4 3 1 3 2 2 1 3 3
 [334] 4 4 3 2 3 4 2 3 4 3 2 4 1 1 2 2 2 2 2 2 4 4 4 2 4 2 1 4 1 2 4 2 1 2 4 4 1
 [371] 2 4 4 4 3 3 1 1 2 2 1 2 1 3 4 3 2 1 1 2 4 1 1 1 4 4 1 1 1 1 3 1 3 1 1 1 1
 [408] 1 4 2 4 3 3 2 2 2 1 2 4 2 2 4 3 4 1 4 3 4 1 1 4 4 1 1 1 3 4 4 2 1 3 3 4 4
 [445] 4 4 4 4 4 4 2 1 1 2 4 4 1 1 1 3 4 3 1 1 2 4 3 1 1 3 1 4 2 4 4 1 2 3 2 1 4
 [482] 1 4 4 1 1 1 4 1 2 2 1 2 2 1 4 4 2 4 3 4 3 4 1 1 3 3 4 3 2 2 4 2 3 4 2 3 4
 [519] 1 4 4 2 1 1 3 4 1 1 1 3 2 2 2 2 4 1 3 1 1 2 1 4 1 3 2 4 1 4 4 2 1 2 2 2 1
 [556] 2 2 1 3 2 1 4 2 3 1 3 3 4 3 1 3 4 4 3 3 4 3 4 2 2 3 4 2 1 3 1 2 1 1 1 4 2
 [593] 1 4 1 3 4 1 2 1 3 3 2 2 1 2 1 1 3 2 2 1 1 1 3 1 4 1 4 3 3 2 3 2 1 4 1 2 3
 [630] 2 1 1 2 4 2 1 3 4 1 2 2 1 1 4 4 1 2 2 1 1 1 1 4 4 4 2 1 1 1 1 4 1 3 4 3 4
 [667] 3 3 2 2 2 1 1 3 3 1 1 4 2 1 1 4 1 2 2 3 1 3 1 3 1 3 2 2 3 1 4 4 2 2 4 2 4
 [704] 2 2 2 1 1 1 1 2 2 1 2 2 2 4 1 2 2 1 2 1 1 2 3 4 4 2 1 1 4 3 2 4 2 4 1 1 4
 [741] 2 3 3 2 2 1 2 2 3 1 1 3 2 4 3 2 4 4 3 3 2 4 3 3 4 3 1 1 3 2 1 4 1 4 3 3 4
 [778] 1 4 1 2 1 4 3 4 4 4 4 2 2 1 2 4 2 3 1 4 1 1 2 1 2 4 1 1 4 1 4 4 1 3 4 1 4
 [815] 2 4 2 3 2 1 2 4 4 2 1 1 3 4 2 3 3 3 1 1 1 4 3 1 4 4 4 4 1 2 4 3 2 1 3 2 4
 [852] 4 2 1 1 4 1 2 1 2 4 1 1 2 1 3 4 2 4 1 4 2 2 3 3 2 1 3 3 1 1 3 1 2 2 1 4 1
 [889] 2 3 1 2 4 2 1 3 1 2 2 2 2 4 1 1 1 4 1 3 3 2 4 1 1 2 3 4 3 2 1 2 2 2 1 1 2
 [926] 2 3 4 1 1 4 2 2 2 3 4 2 3 4 3 1 2 3 2 4 3 2 2 1 2 1 1 2 1 1 1 4 1 3 1 1 2
 [963] 2 4 1 2 4 2 4 3 2 2 2 2 4 3 3 4 3 3 4 3 2 1 3 3 1 2 4 1 1 4 1 1 2 2 1 2 2
[1000] 3 2 2 4 2 2 1 1 2 4 4 4 4 2 3 2 1 1 1 2 3 2 1 2 4 3 3 4 4 1 2 1 4 1 3 1 2
[1037] 3 2 1 4 2 4 1 4 2 2 1 4 2 1 2 4 2 4 2 2 1 1 4 1 4 4 4 2 1 3 4 4 3 3 3 1 4
[1074] 4 3 2 2 1 4 1 1 1 4 4 4 1 2 4 3 3 4 2 1 4 1 2 2 2 4 4 1 4 3 1 3 1 1 2 2 1
[1111] 2 3 3 3 2 2 2 4 4 1 1 4 3 4 3 3 3 3 4 4 4 4 2 2 1 4 3 2 1 2 4 3 3 1 3 4 3
[1148] 4 2 4 1 4 1 4 4 1 4 4 1 2 3 4 1 1 2 3 1 2 2 1 3 3 4 4 1 1 2 3 2 2 1 1 1 2
[1185] 1 3 2 4 2 1 1 1 1 1 4 1 1 1 2 4
[1] "1"                 "0.349496786996783" "0.5012"           
[4] "con: "             "0"                 "sin: "            
[7] "0"                 "5"                
[1] "Individuo Nuevo"   "0.393996142675006" "5"                
[4] "0.5012"           
[1] "Individuo Actual"  "0.393996142675006" "6"                
[4] "0.48"             
[1] "Individuo Nuevo"   "0.399458951967463" "10"               
[4] "0.48"             
[1] "Individuo Actual"  "0.399458951967463" "11"               
[4] "0.46"             
[1] "Individuo Nuevo"   "0.401915737363047" "15"               
[4] "0.46"             
[1] "Individuo Actual"  "0.401915737363047" "16"               
[4] "0.44"             
[1] "Individuo Nuevo"   "0.401915737363047" "20"               
[4] "0.44"             
[1] "Individuo Actual"  "0.401915737363047" "21"               
[4] "0.58"             
[1] "Individuo Nuevo"   "0.406447523600742" "25"               
[4] "0.58"             
[1] "Individuo Actual"  "0.406447523600742" "26"               
[4] "0.4"              
[1] "Individuo Nuevo"   "0.406956433179493" "30"               
[4] "0.4"              
[1] "Individuo Actual"  "0.406956433179493" "31"               
[4] "0.38"             
[1] "Individuo Nuevo"   "0.406956433179493" "35"               
[4] "0.38"             
[1] "Individuo Actual"  "0.406956433179493" "36"               
[4] "0.64"             
[1] "Individuo Nuevo"   "0.406956433179493" "40"               
[4] "0.64"             
[1] "Individuo Actual"  "0.406956433179493" "41"               
[4] "0.66"             
[1] "Individuo Nuevo"   "0.406956433179493" "45"               
[4] "0.66"             
[1] "Individuo Actual"  "0.406956433179493" "46"               
[4] "0.68"             
[1] "Individuo Nuevo"   "0.406956433179493" "50"               
[4] "0.68"             
[1] "Individuo Actual"  "0.406956433179493" "51"               
[4] "0.7"              
[1] "Individuo Nuevo"   "0.406956433179493" "55"               
[4] "0.7"              
[1] "Individuo Actual"  "0.406956433179493" "56"               
[4] "0.72"             
[1] "Individuo Nuevo"   "0.408513675848919" "60"               
[4] "0.72"             
[1] "Individuo Actual"  "0.408513675848919" "61"               
[4] "0.26"             
[1] "Individuo Nuevo"   "0.408513675848919" "65"               
[4] "0.26"             
[1] "Individuo Actual"  "0.408513675848919" "66"               
[4] "0.76"             
[1] "Individuo Nuevo"   "0.408513675848919" "70"               
[4] "0.76"             
[1] "Individuo Actual"  "0.408513675848919" "71"               
[4] "0.78"             
[1] "Individuo Nuevo"   "0.412827844003728" "75"               
[4] "0.78"             
[1] "Individuo Actual"  "0.412827844003728" "76"               
[4] "0.2"              
[1] "Individuo Nuevo"   "0.412827844003728" "80"               
[4] "0.2"              
[1] "Individuo Actual"  "0.412827844003728" "81"               
[4] "0.82"             
[1] "Individuo Nuevo"   "0.412827844003728" "85"               
[4] "0.82"             
[1] "Individuo Actual"  "0.412827844003728" "86"               
[4] "0.84"             
[1] "Individuo Nuevo"   "0.412827844003728" "90"               
[4] "0.84"             
[1] "Individuo Actual"  "0.412827844003728" "91"               
[4] "0.86"             
[1] "Individuo Nuevo"   "0.412827844003728" "95"               
[4] "0.86"             
[1] "Individuo Actual"  "0.412827844003728" "96"               
[4] "0.88"             
[1] "Individuo Nuevo"   "0.412827844003728" "100"              
[4] "0.88"             
[1] "49244.364" "2.825"     "49307.303" "0"         "0"        
[1] "0.412827844003728" "17"               
   [1] 1 2 2 3 2 3 2 1 2 2 2 2 2 2 2 3 1 3 2 2 2 2 1 2 1 4 2 2 3 2 2 2 2 2 2 2 2
  [38] 4 1 3 1 2 1 2 2 3 3 4 3 1 1 2 2 3 2 3 1 3 3 2 2 3 2 2 4 3 4 2 4 1 1 3 1 3
  [75] 2 2 3 1 1 3 4 1 1 2 2 3 3 3 1 1 4 2 2 3 3 1 2 2 3 1 1 2 2 3 2 2 1 3 1 1 3
 [112] 2 2 2 3 4 3 3 2 2 2 2 2 2 2 3 4 3 1 1 2 2 2 3 1 3 3 3 2 2 2 3 4 1 2 2 1 3
 [149] 3 2 1 2 4 3 1 4 3 1 2 3 1 3 4 3 2 2 2 3 2 2 2 2 3 4 2 4 2 3 2 2 2 1 2 1 2
 [186] 1 2 4 2 2 2 1 2 3 1 1 2 3 2 3 2 1 2 2 1 4 3 3 1 4 2 2 2 1 1 2 2 2 1 3 3 2
 [223] 1 4 4 2 3 2 3 2 2 2 2 2 2 2 2 2 2 2 2 2 2 2 2 1 2 4 2 2 2 2 2 2 2 3 2 1 2
 [260] 3 1 2 2 3 2 3 3 4 3 1 2 1 2 3 1 3 3 2 3 1 1 4 2 2 2 1 2 1 2 3 2 2 3 3 2 2
 [297] 2 1 1 2 2 2 4 3 2 1 2 1 2 1 2 1 1 1 3 2 1 4 2 2 3 1 2 1 1 2 1 2 4 4 1 2 2
 [334] 2 2 2 3 2 2 3 2 2 2 3 2 1 1 2 2 3 3 4 4 1 2 2 3 2 3 1 2 1 4 2 3 1 4 2 2 1
 [371] 4 1 1 2 2 2 1 1 3 3 1 3 1 2 1 2 4 1 1 4 2 1 3 1 2 2 1 3 1 1 2 1 2 1 1 1 1
 [408] 1 2 3 2 2 2 4 3 2 1 4 2 2 4 2 2 2 1 1 2 2 1 1 2 2 1 1 1 2 3 3 4 1 2 2 2 2
 [445] 2 1 2 2 2 2 3 1 1 4 2 2 1 1 1 2 2 2 1 1 3 1 2 1 1 2 1 3 4 1 3 1 3 2 3 1 2
 [482] 1 2 2 1 1 1 2 3 4 3 1 4 4 1 2 2 3 1 2 1 2 2 1 1 2 2 2 2 3 3 3 3 2 2 4 2 2
 [519] 1 2 3 3 1 1 2 2 3 1 1 2 3 4 3 3 1 1 2 1 1 2 1 2 1 2 4 2 1 2 2 3 1 4 3 3 1
 [556] 2 2 1 2 3 1 2 3 2 1 2 2 2 2 1 2 2 2 2 2 2 2 1 4 3 2 3 4 1 2 1 3 1 1 3 2 4
 [593] 1 2 3 2 2 1 3 1 2 2 4 4 3 2 1 3 2 3 3 1 1 1 2 1 1 1 1 2 2 3 2 4 1 2 1 2 2
 [630] 3 1 3 3 2 3 1 2 2 1 3 4 1 1 2 2 1 4 3 1 1 1 4 2 1 1 3 1 1 1 1 2 1 2 2 2 2
 [667] 2 2 4 3 4 3 3 2 2 1 3 2 4 1 1 2 1 4 4 2 1 2 2 2 1 2 4 4 2 4 2 2 2 3 2 3 1
 [704] 4 2 4 1 1 1 1 3 3 1 4 4 4 2 1 4 3 1 3 1 3 4 2 2 2 4 3 1 1 2 3 2 2 2 1 1 2
 [741] 3 2 2 4 2 3 3 3 2 1 1 2 3 2 2 2 2 2 2 2 4 2 2 2 2 2 1 1 2 3 1 1 1 2 2 2 2
 [778] 1 2 1 3 1 2 2 1 2 2 2 3 4 1 3 2 3 2 3 2 1 1 3 1 3 2 1 1 2 1 2 2 1 2 2 1 2
 [815] 4 2 3 2 3 1 3 1 2 3 1 1 2 1 3 2 2 2 1 1 1 2 2 3 2 2 1 2 1 2 2 2 4 1 2 3 2
 [852] 3 3 1 1 2 1 3 1 2 2 1 1 3 1 2 2 3 2 1 2 3 3 2 2 4 1 2 2 1 1 2 1 4 3 1 2 1
 [889] 3 2 4 4 1 3 1 2 1 3 4 3 4 2 1 1 1 1 1 2 2 3 2 4 1 4 2 2 2 4 1 3 3 3 1 3 4
 [926] 3 2 2 1 3 2 3 4 4 2 2 3 2 2 2 1 4 2 3 1 2 2 4 1 3 1 1 3 1 1 1 2 3 2 1 1 3
 [963] 4 2 1 4 2 3 2 2 4 3 4 3 1 2 2 2 2 2 3 2 3 3 2 2 1 3 2 1 3 2 1 3 2 2 1 3 3
[1000] 2 4 3 2 4 3 1 1 4 2 2 2 2 4 2 3 3 1 1 4 2 3 1 3 2 2 2 2 2 1 4 3 2 1 2 4 3
[1037] 2 4 1 2 3 2 3 2 3 4 1 2 4 1 3 2 3 2 3 3 1 1 2 1 2 1 2 3 1 2 2 2 2 2 2 1 2
[1074] 2 2 4 4 1 2 1 1 1 2 2 2 1 4 2 2 2 1 4 1 2 1 4 3 4 1 1 1 2 2 1 2 1 1 4 3 1
[1111] 4 2 2 2 4 3 4 2 2 1 1 1 2 2 2 2 2 2 2 2 1 2 2 3 1 2 2 4 1 3 1 2 2 1 2 2 2
[1148] 3 3 2 1 3 1 2 1 1 2 3 1 3 2 2 1 1 3 2 1 4 4 1 2 2 1 2 1 1 4 2 4 4 1 1 1 4
[1185] 1 2 2 2 4 1 1 1 1 1 2 1 1 1 4 2
[1] "1"                 "0.366611341334639" "0.5012"           
[4] "con: "             "0"                 "sin: "            
[7] "0"                 "5"                
[1] "Individuo Nuevo"   "0.400773870984061" "5"                
[4] "0.5012"           
[1] "Individuo Actual"  "0.400773870984061" "6"                
[4] "0.48"             
[1] "Individuo Nuevo"   "0.405060125500684" "10"               
[4] "0.48"             
[1] "Individuo Actual"  "0.405060125500684" "11"               
[4] "0.46"             
[1] "Individuo Nuevo"   "0.415661215386669" "15"               
[4] "0.46"             
[1] "Individuo Actual"  "0.415661215386669" "16"               
[4] "0.44"             
[1] "Individuo Nuevo"   "0.415661215386669" "20"               
[4] "0.44"             
[1] "Individuo Actual"  "0.415661215386669" "21"               
[4] "0.58"             
[1] "Individuo Nuevo"   "0.415661215386669" "25"               
[4] "0.58"             
[1] "Individuo Actual"  "0.415661215386669" "26"               
[4] "0.6"              
[1] "Individuo Nuevo"   "0.415661215386669" "30"               
[4] "0.6"              
[1] "Individuo Actual"  "0.415661215386669" "31"               
[4] "0.62"             
[1] "Individuo Nuevo"   "0.415661215386669" "35"               
[4] "0.62"             
[1] "Individuo Actual"  "0.415661215386669" "36"               
[4] "0.64"             
[1] "Individuo Nuevo"   "0.415661215386669" "40"               
[4] "0.64"             
[1] "Individuo Actual"  "0.415661215386669" "41"               
[4] "0.66"             
[1] "Individuo Nuevo"   "0.415661215386669" "45"               
[4] "0.66"             
[1] "Individuo Actual"  "0.415661215386669" "46"               
[4] "0.68"             
[1] "Individuo Nuevo"   "0.415661215386669" "50"               
[4] "0.68"             
[1] "Individuo Actual"  "0.415661215386669" "51"               
[4] "0.7"              
[1] "Individuo Nuevo"   "0.416404053671623" "55"               
[4] "0.7"              
[1] "Individuo Actual"  "0.416404053671623" "56"               
[4] "0.28"             
[1] "Individuo Nuevo"   "0.416404053671623" "60"               
[4] "0.28"             
[1] "Individuo Actual"  "0.416404053671623" "61"               
[4] "0.74"             
[1] "Individuo Nuevo"   "0.416404053671623" "65"               
[4] "0.74"             
[1] "Individuo Actual"  "0.416404053671623" "66"               
[4] "0.76"             
[1] "Individuo Nuevo"   "0.416404053671623" "70"               
[4] "0.76"             
[1] "Individuo Actual"  "0.416404053671623" "71"               
[4] "0.78"             
[1] "Individuo Nuevo"   "0.416404053671623" "75"               
[4] "0.78"             
[1] "Individuo Actual"  "0.416404053671623" "76"               
[4] "0.8"              
[1] "Individuo Nuevo"   "0.416404053671623" "80"               
[4] "0.8"              
[1] "Individuo Actual"  "0.416404053671623" "81"               
[4] "0.82"             
[1] "Individuo Nuevo"   "0.416404053671623" "85"               
[4] "0.82"             
[1] "Individuo Actual"  "0.416404053671623" "86"               
[4] "0.84"             
[1] "Individuo Nuevo"   "0.416404053671623" "90"               
[4] "0.84"             
[1] "Individuo Actual"  "0.416404053671623" "91"               
[4] "0.86"             
[1] "Individuo Nuevo"   "0.416404053671623" "95"               
[4] "0.86"             
[1] "Individuo Actual"  "0.416404053671623" "96"               
[4] "0.88"             
[1] "Individuo Nuevo"   "0.416404053671623" "100"              
[4] "0.88"             
[1] "50560.988" "5.29"      "50630.322" "0"         "0"        
[1] "0.416404053671623" "21"               
   [1] 1 3 2 3 4 1 3 1 2 2 4 4 4 4 4 3 1 1 2 2 3 4 1 3 1 3 2 4 1 3 2 4 4 4 3 3 4
  [38] 1 1 1 1 3 1 4 3 1 1 3 3 1 1 3 4 3 2 1 1 1 1 4 2 1 4 2 3 1 3 3 1 4 1 1 1 3
  [75] 3 3 1 1 1 1 3 1 1 2 4 1 3 1 4 1 1 2 2 3 1 1 3 4 1 4 1 4 3 1 4 3 1 1 1 1 1
 [112] 4 4 3 3 3 3 1 4 4 4 3 4 4 4 1 3 3 1 4 4 3 3 1 4 3 3 3 4 4 4 1 3 1 2 2 4 1
 [149] 3 2 4 4 3 1 1 1 1 1 2 3 1 1 3 3 4 2 2 1 4 3 3 3 3 3 2 3 4 1 4 4 2 1 4 1 2
 [186] 1 4 3 3 3 4 4 2 4 1 1 4 3 4 1 2 4 3 3 4 3 3 3 1 3 4 2 2 1 1 4 2 4 1 3 1 3
 [223] 1 3 1 4 1 2 3 4 2 4 2 4 4 2 4 3 3 2 3 2 4 4 4 1 2 3 3 3 4 4 2 4 2 3 2 1 4
 [260] 3 4 3 2 3 3 1 1 3 1 1 2 4 2 1 1 1 3 2 1 1 1 3 4 3 3 4 4 4 4 3 2 2 1 3 2 2
 [297] 4 1 1 2 2 3 3 3 2 1 2 1 4 1 2 4 1 1 1 4 1 3 4 3 3 1 4 4 4 2 1 3 3 1 1 3 3
 [334] 4 4 3 1 3 4 3 2 3 2 3 4 1 1 3 3 3 3 3 3 4 3 2 1 4 1 1 4 1 1 3 1 1 3 4 4 1
 [371] 2 4 4 4 2 2 1 1 1 3 1 1 1 3 4 3 1 1 1 3 4 1 1 1 4 2 1 1 1 1 3 1 3 1 1 1 1
 [408] 1 4 3 4 2 3 1 3 3 1 3 2 3 3 4 2 4 1 4 2 4 1 1 4 4 1 1 1 2 4 4 3 1 3 2 2 4
 [445] 4 4 4 4 4 4 1 1 1 3 4 4 1 1 1 2 4 2 1 1 1 4 3 1 1 2 1 4 3 4 4 1 1 2 1 1 4
 [482] 1 4 4 1 1 1 4 1 3 1 1 3 3 4 2 4 3 4 2 4 2 4 1 1 3 2 4 2 3 3 4 1 3 4 3 3 4
 [519] 1 2 3 3 1 1 3 3 1 1 1 2 1 1 3 3 4 4 2 1 4 3 1 3 4 3 3 4 1 4 4 1 1 3 3 3 1
 [556] 3 3 1 2 1 4 4 3 3 1 2 3 4 2 1 2 3 2 2 2 4 2 4 1 1 3 4 1 1 3 1 3 1 1 1 4 1
 [593] 1 4 1 2 4 1 3 1 2 3 3 3 1 3 1 1 2 3 1 1 1 1 2 1 4 1 4 2 3 3 2 3 1 4 4 3 2
 [630] 1 1 1 1 4 3 1 3 4 1 3 3 1 1 4 4 1 3 1 1 1 1 1 2 4 4 3 1 1 1 4 4 1 2 4 2 3
 [667] 3 3 3 3 1 1 1 2 2 1 1 4 1 1 1 4 4 3 1 2 1 2 3 3 1 2 3 1 3 1 2 4 2 1 4 3 4
 [704] 3 3 3 1 1 1 1 1 3 1 1 1 3 4 1 1 3 1 4 1 1 3 3 4 4 3 1 1 4 3 3 3 3 4 1 1 4
 [741] 1 2 2 1 3 1 3 1 3 1 1 2 1 2 3 3 4 4 2 3 3 3 2 3 3 2 1 1 3 3 1 4 1 4 3 2 4
 [778] 1 4 1 3 1 4 2 4 4 4 4 1 2 1 1 4 1 3 1 4 1 1 1 1 1 4 1 1 4 1 4 4 1 2 3 1 4
 [815] 1 3 1 2 1 1 1 4 3 1 1 1 3 4 3 2 2 2 1 1 1 4 2 1 4 4 4 4 1 3 4 3 3 1 3 3 4
 [852] 4 1 1 1 4 1 1 1 3 4 1 1 3 4 2 3 3 4 1 4 1 1 2 3 3 1 3 3 1 1 2 1 3 3 1 4 1
 [889] 1 2 1 3 4 1 1 2 1 1 1 1 3 4 1 1 1 4 1 2 2 1 4 1 1 3 2 4 2 1 1 3 3 3 1 4 3
 [926] 3 3 4 1 1 4 1 3 3 2 4 1 2 4 2 1 3 2 1 4 3 2 3 1 1 1 1 1 1 1 1 4 1 3 1 1 3
 [963] 3 4 4 3 4 1 4 2 3 3 1 1 4 2 2 4 2 2 3 3 3 1 3 3 1 3 4 1 1 3 1 1 3 3 1 1 3
[1000] 3 3 1 4 3 1 1 1 3 4 3 4 4 3 2 1 1 1 1 3 2 3 1 3 3 2 3 4 4 1 3 1 4 1 2 1 3
[1037] 2 3 1 4 1 4 1 4 3 3 1 4 3 1 1 4 3 4 3 1 1 1 2 1 3 4 4 3 1 2 3 4 3 2 2 1 4
[1074] 3 2 3 3 1 4 1 1 1 4 4 4 1 3 2 3 4 4 3 1 2 1 1 1 1 4 4 1 4 2 1 2 1 1 1 3 1
[1111] 1 2 2 2 3 3 3 4 4 1 1 4 2 4 2 2 2 2 4 4 4 2 3 3 1 4 2 3 1 3 4 2 2 1 2 4 2
[1148] 4 3 4 1 4 1 4 4 1 4 4 4 3 2 2 1 1 3 2 4 1 3 1 3 3 4 4 1 1 1 2 1 3 1 1 1 3
[1185] 4 2 3 4 1 1 1 1 1 1 4 1 1 1 3 2
[1] "1"                 "0.358966942889568" "0.5012"           
[4] "con: "             "0"                 "sin: "            
[7] "0"                 "5"                
[1] "Individuo Nuevo"  "0.38847497492242" "5"                "0.5012"          
[1] "Individuo Actual" "0.38847497492242" "6"                "0.48"            
[1] "Individuo Nuevo"   "0.397735503420191" "10"               
[4] "0.48"             
[1] "Individuo Actual"  "0.397735503420191" "11"               
[4] "0.46"             
[1] "Individuo Nuevo"  "0.40925770895687" "15"               "0.46"            
[1] "Individuo Actual" "0.40925770895687" "16"               "0.44"            
[1] "Individuo Nuevo"  "0.40925770895687" "20"               "0.44"            
[1] "Individuo Actual" "0.40925770895687" "21"               "0.58"            
[1] "Individuo Nuevo"   "0.411902344009372" "25"               
[4] "0.58"             
[1] "Individuo Actual"  "0.411902344009372" "26"               
[4] "0.4"              
[1] "Individuo Nuevo"   "0.411902344009372" "30"               
[4] "0.4"              
[1] "Individuo Actual"  "0.411902344009372" "31"               
[4] "0.62"             
[1] "Individuo Nuevo"   "0.418731803470315" "35"               
[4] "0.62"             
[1] "Individuo Actual"  "0.418731803470315" "36"               
[4] "0.36"             
[1] "Individuo Nuevo"   "0.418731803470315" "40"               
[4] "0.36"             
[1] "Individuo Actual"  "0.418731803470315" "41"               
[4] "0.66"             
[1] "Individuo Nuevo"   "0.418731803470315" "45"               
[4] "0.66"             
[1] "Individuo Actual"  "0.418731803470315" "46"               
[4] "0.68"             
[1] "Individuo Nuevo"   "0.418731803470315" "50"               
[4] "0.68"             
[1] "Individuo Actual"  "0.418731803470315" "51"               
[4] "0.7"              
[1] "Individuo Nuevo"   "0.418731803470315" "55"               
[4] "0.7"              
[1] "Individuo Actual"  "0.418731803470315" "56"               
[4] "0.72"             
[1] "Individuo Nuevo"   "0.418731803470315" "60"               
[4] "0.72"             
[1] "Individuo Actual"  "0.418731803470315" "61"               
[4] "0.74"             
[1] "Individuo Nuevo"   "0.418731803470315" "65"               
[4] "0.74"             
[1] "Individuo Actual"  "0.418731803470315" "66"               
[4] "0.76"             
[1] "Individuo Nuevo"   "0.418731803470315" "70"               
[4] "0.76"             
[1] "Individuo Actual"  "0.418731803470315" "71"               
[4] "0.78"             
[1] "Individuo Nuevo"   "0.418731803470315" "75"               
[4] "0.78"             
[1] "Individuo Actual"  "0.418731803470315" "76"               
[4] "0.8"              
[1] "Individuo Nuevo"   "0.418731803470315" "80"               
[4] "0.8"              
[1] "Individuo Actual"  "0.418731803470315" "81"               
[4] "0.82"             
[1] "Individuo Nuevo"   "0.418731803470315" "85"               
[4] "0.82"             
[1] "Individuo Actual"  "0.418731803470315" "86"               
[4] "0.84"             
[1] "Individuo Nuevo"   "0.418731803470315" "90"               
[4] "0.84"             
[1] "Individuo Actual"  "0.418731803470315" "91"               
[4] "0.86"             
[1] "Individuo Nuevo"   "0.418731803470315" "95"               
[4] "0.86"             
[1] "Individuo Actual"  "0.418731803470315" "96"               
[4] "0.88"             
[1] "Individuo Nuevo"   "0.418731803470315" "100"              
[4] "0.88"             
[1] "55691.584" "4.225"     "55773.913" "0"         "0"        
[1] "0.418731803470315" "16"               
   [1] 1 2 2 4 3 1 4 1 3 4 3 3 3 3 3 4 1 4 2 2 2 3 1 4 1 4 2 3 4 4 4 3 3 3 2 4 3
  [38] 4 1 4 1 3 1 3 4 1 4 4 4 1 1 4 3 4 2 1 1 1 1 3 3 1 3 2 4 4 4 2 4 3 1 4 1 4
  [75] 2 4 4 1 1 4 4 1 1 2 3 4 4 4 1 1 4 2 2 4 4 1 4 3 1 1 1 3 3 4 3 4 1 1 1 1 4
 [112] 3 3 4 4 4 4 4 1 3 3 2 3 3 3 4 4 4 1 1 3 4 4 4 3 4 4 4 3 3 3 4 4 1 2 2 3 4
 [149] 4 2 3 3 4 4 1 4 4 1 2 4 1 4 4 4 3 2 2 4 3 4 2 4 4 4 2 4 3 4 3 3 4 1 3 1 2
 [186] 1 3 4 4 2 3 3 2 3 1 1 3 4 3 1 3 3 2 4 3 4 4 4 1 4 3 3 3 1 1 3 2 3 1 4 1 2
 [223] 1 4 4 3 4 2 4 3 2 3 2 3 3 2 3 3 2 2 3 2 3 3 3 1 3 4 3 4 3 3 2 3 2 4 2 1 3
 [260] 4 3 4 4 4 4 4 4 4 4 1 4 3 2 4 1 4 4 2 4 1 1 4 3 4 4 3 3 1 3 4 2 2 4 4 2 2
 [297] 3 1 1 2 2 4 4 4 2 4 2 1 3 1 2 3 1 1 4 3 1 4 3 3 4 1 3 3 1 2 4 2 4 4 1 2 2
 [334] 3 3 4 4 2 3 4 2 3 2 4 3 1 1 4 4 4 4 4 4 3 2 3 1 3 4 1 3 1 4 3 4 1 4 3 3 1
 [371] 4 3 3 3 2 2 1 1 4 4 1 4 1 2 3 2 4 1 1 4 3 1 1 1 3 3 1 4 1 1 4 1 2 1 1 1 1
 [408] 1 3 4 3 2 4 4 4 4 1 4 3 4 4 3 2 3 1 3 2 3 1 1 3 3 4 1 1 2 3 3 4 1 2 2 2 3
 [445] 3 3 3 3 3 3 4 1 1 4 3 3 1 1 1 2 3 2 1 1 4 3 2 1 1 2 4 3 4 3 3 1 4 2 4 1 3
 [482] 1 3 3 1 1 1 3 1 4 4 1 4 4 1 3 3 4 3 2 3 2 3 1 1 4 2 3 2 4 4 3 4 2 3 4 2 3
 [519] 1 3 3 4 1 1 4 2 4 1 1 2 4 4 4 4 3 1 2 1 1 4 1 3 1 2 4 3 1 3 3 4 1 4 4 4 1
 [556] 4 4 1 4 1 1 3 4 4 1 2 2 3 2 1 4 3 2 2 2 3 2 3 4 4 2 3 4 1 2 1 4 1 1 1 3 4
 [593] 1 3 1 2 3 1 4 1 2 2 4 4 1 4 1 4 2 4 4 1 1 1 2 1 3 1 1 2 2 4 2 4 1 3 1 4 2
 [630] 1 1 1 4 3 4 1 3 3 1 4 4 1 3 3 3 1 4 4 1 1 1 4 2 3 3 4 1 1 1 1 3 1 2 3 2 3
 [667] 2 2 4 4 4 4 4 2 2 1 1 3 4 1 1 3 1 4 4 2 1 2 4 2 1 2 4 4 2 4 2 3 4 4 3 4 3
 [704] 4 4 4 1 1 1 1 4 4 1 4 4 4 3 1 4 4 1 3 1 4 4 4 3 3 4 1 1 3 2 4 2 4 3 1 1 3
 [741] 4 2 2 4 4 4 4 4 4 1 1 2 4 3 4 4 3 3 2 4 4 3 2 2 3 2 1 1 2 4 1 3 1 3 2 2 3
 [778] 1 3 1 4 1 3 2 3 3 3 3 4 4 1 4 3 4 2 1 3 1 1 4 1 4 3 1 1 3 1 3 3 1 2 3 1 3
 [815] 4 3 4 4 4 1 4 3 3 4 1 1 2 3 4 2 3 3 1 1 1 3 4 4 3 3 3 3 1 4 3 4 4 1 3 4 3
 [852] 3 4 1 1 3 1 4 1 4 3 1 1 4 1 2 3 4 3 1 3 4 4 2 2 4 1 2 2 1 1 2 1 4 4 1 3 1
 [889] 4 2 4 4 1 4 1 2 1 4 4 4 4 3 1 1 1 3 1 2 2 4 3 4 1 4 2 3 4 4 1 4 4 4 1 1 4
 [926] 4 2 3 1 4 3 4 4 4 2 3 4 2 3 2 1 4 2 4 3 4 4 4 1 4 1 1 4 1 1 1 3 1 2 1 1 4
 [963] 4 3 1 4 3 4 3 2 4 4 4 4 3 2 2 3 2 2 3 2 4 4 2 4 1 4 3 1 4 2 1 4 4 4 1 4 4
[1000] 4 4 4 3 4 4 1 1 4 3 2 3 3 4 2 4 1 1 1 4 2 4 1 4 2 2 4 3 3 1 4 4 3 1 2 4 4
[1037] 2 4 1 3 3 3 1 3 4 4 1 3 4 1 4 3 4 3 4 4 1 1 3 1 3 3 3 4 1 2 3 3 2 4 3 1 3
[1074] 4 2 4 4 1 3 1 1 1 3 3 3 1 4 2 2 2 3 4 1 2 1 4 4 4 3 3 1 3 2 1 2 1 1 4 4 1
[1111] 4 2 2 2 4 4 4 3 3 1 1 1 2 3 3 2 2 2 3 3 1 2 4 4 1 3 2 4 1 4 3 4 2 1 2 3 2
[1148] 3 4 3 1 1 1 3 3 1 3 4 1 4 2 3 1 1 4 2 1 4 4 1 4 2 1 3 1 1 1 2 4 4 1 1 1 4
[1185] 1 2 4 3 4 1 1 1 1 1 3 1 1 1 4 3
